This is pdfTeX, Version 3.14159265-2.6-1.40.20 (TeX Live 2019/Arch Linux) (preloaded format=pdflatex 2019.11.28)  29 NOV 2019 18:45
entering extended mode
 restricted \write18 enabled.
 %&-line parsing enabled.
**dissertacao.tex
(./dissertacao.tex
LaTeX2e <2019-10-01> patch level 1
(./abnt_ufjf.cls (./cvs-id.def)

LaTeX Warning: You have requested document class `abnt_ufjf',
               but the document class provides `abnt'.

Document Class: abnt 2004/11/02 v1.27.2.1 Classe abnt (NBR6024, NBR6027, NBR602
8, NBR14724)
(/usr/share/texmf-dist/tex/latex/base/ifthen.sty
Package: ifthen 2014/09/29 v1.1c Standard LaTeX ifthen package (DPC)
)
(/usr/share/texmf-dist/tex/latex/tools/calc.sty
Package: calc 2017/05/25 v4.3 Infix arithmetic (KKT,FJ)
\calc@Acount=\count80
\calc@Bcount=\count81
\calc@Adimen=\dimen102
\calc@Bdimen=\dimen103
\calc@Askip=\skip41
\calc@Bskip=\skip42
LaTeX Info: Redefining \setlength on input line 80.
LaTeX Info: Redefining \addtolength on input line 81.
\calc@Ccount=\count82
\calc@Cskip=\skip43
)
(/usr/share/texmf-dist/tex/latex/tools/multicol.sty
Package: multicol 2019/03/01 v1.8w multicolumn formatting (FMi)
\c@tracingmulticols=\count83
\mult@box=\box27
\multicol@leftmargin=\dimen104
\c@unbalance=\count84
\c@collectmore=\count85
\doublecol@number=\count86
\multicoltolerance=\count87
\multicolpretolerance=\count88
\full@width=\dimen105
\page@free=\dimen106
\premulticols=\dimen107
\postmulticols=\dimen108
\multicolsep=\skip44
\multicolbaselineskip=\skip45
\partial@page=\box28
\last@line=\box29
\maxbalancingoverflow=\dimen109
\mult@rightbox=\box30
\mult@grightbox=\box31
\mult@gfirstbox=\box32
\mult@firstbox=\box33
\@tempa=\box34
\@tempa=\box35
\@tempa=\box36
\@tempa=\box37
\@tempa=\box38
\@tempa=\box39
\@tempa=\box40
\@tempa=\box41
\@tempa=\box42
\@tempa=\box43
\@tempa=\box44
\@tempa=\box45
\@tempa=\box46
\@tempa=\box47
\@tempa=\box48
\@tempa=\box49
\@tempa=\box50
\c@minrows=\count89
\c@columnbadness=\count90
\c@finalcolumnbadness=\count91
\last@try=\dimen110
\multicolovershoot=\dimen111
\multicolundershoot=\dimen112
\mult@nat@firstbox=\box51
\colbreak@box=\box52
\mc@col@check@num=\count92
)
(/usr/share/texmf-dist/tex/latex/base/report.cls
Document Class: report 2019/08/27 v1.4j Standard LaTeX document class
(/usr/share/texmf-dist/tex/latex/base/size12.clo
File: size12.clo 2019/08/27 v1.4j Standard LaTeX file (size option)
)
\c@part=\count93
\c@chapter=\count94
\c@section=\count95
\c@subsection=\count96
\c@subsubsection=\count97
\c@paragraph=\count98
\c@subparagraph=\count99
\c@figure=\count100
\c@table=\count101
\abovecaptionskip=\skip46
\belowcaptionskip=\skip47
\bibindent=\dimen113
)
(/usr/share/texmf-dist/tex/latex/setspace/setspace.sty
Package: setspace 2011/12/19 v6.7a set line spacing
)
\ABNTanapindent=\skip48
\ABNTsignwidth=\skip49
\ABNTsignthickness=\skip50
\ABNTsignskip=\skip51

(/usr/share/texmf-dist/tex/latex/tools/indentfirst.sty
Package: indentfirst 1995/11/23 v1.03 Indent first paragraph (DPC)
))
(/usr/share/texmf-dist/tex/generic/babel/babel.sty
Package: babel 2019/10/15 3.35 The Babel package

(/usr/share/texmf-dist/tex/generic/babel/switch.def
File: switch.def 2019/10/15 3.35 Babel switching mechanism
)
(/usr/share/texmf-dist/tex/generic/babel-portuges/portuges.ldf
Language: portuges 2008/03/18 v1.2q Portuguese support from the babel system

(/usr/share/texmf-dist/tex/generic/babel/babel.def
File: babel.def 2019/10/15 3.35 Babel common definitions
\babel@savecnt=\count102
\U@D=\dimen114

(/usr/share/texmf-dist/tex/generic/babel/txtbabel.def)
\bbl@dirlevel=\count103
)
\l@brazil = a dialect from \language\l@portuges 
Package babel Info: Making " an active character on input line 145.
))
(/usr/share/texmf-dist/tex/latex/base/fontenc.sty
Package: fontenc 2018/08/11 v2.0j Standard LaTeX package

(/usr/share/texmf-dist/tex/latex/base/t1enc.def
File: t1enc.def 2018/08/11 v2.0j Standard LaTeX file
LaTeX Font Info:    Redeclaring font encoding T1 on input line 48.
))
(/usr/share/texmf-dist/tex/latex/base/inputenc.sty
Package: inputenc 2018/08/11 v1.3c Input encoding file
\inpenc@prehook=\toks14
\inpenc@posthook=\toks15
)
(/usr/share/texmf-dist/tex/latex/psnfss/times.sty
Package: times 2005/04/12 PSNFSS-v9.2a (SPQR) 
)
(/usr/share/texmf-dist/tex/latex/ae/ae.sty
Package: ae 2001/02/12 1.3 Almost European Computer Modern

(/usr/share/texmf-dist/tex/latex/base/fontenc.sty
Package: fontenc 2018/08/11 v2.0j Standard LaTeX package

(/usr/share/texmf-dist/tex/latex/base/t1enc.def
File: t1enc.def 2018/08/11 v2.0j Standard LaTeX file
LaTeX Font Info:    Redeclaring font encoding T1 on input line 48.
)
LaTeX Font Info:    Trying to load font information for T1+aer on input line 10
5.

(/usr/share/texmf-dist/tex/latex/ae/t1aer.fd
File: t1aer.fd 1997/11/16 Font definitions for T1/aer.
)))
(/usr/share/texmf-dist/tex/latex/graphics/graphicx.sty
Package: graphicx 2017/06/01 v1.1a Enhanced LaTeX Graphics (DPC,SPQR)

(/usr/share/texmf-dist/tex/latex/graphics/keyval.sty
Package: keyval 2014/10/28 v1.15 key=value parser (DPC)
\KV@toks@=\toks16
)
(/usr/share/texmf-dist/tex/latex/graphics/graphics.sty
Package: graphics 2019/10/08 v1.3c Standard LaTeX Graphics (DPC,SPQR)

(/usr/share/texmf-dist/tex/latex/graphics/trig.sty
Package: trig 2016/01/03 v1.10 sin cos tan (DPC)
)
(/usr/share/texmf-dist/tex/latex/graphics-cfg/graphics.cfg
File: graphics.cfg 2016/06/04 v1.11 sample graphics configuration
)
Package graphics Info: Driver file: dvips.def on input line 105.

(/usr/share/texmf-dist/tex/latex/graphics-def/dvips.def
File: dvips.def 2017/06/20 v3.1d Graphics/color driver for dvips
))
\Gin@req@height=\dimen115
\Gin@req@width=\dimen116
)
(/usr/share/texmf-dist/tex/latex/caption/subcaption.sty
Package: subcaption 2019/09/01 v1.3a Sub-captions (AR)

(/usr/share/texmf-dist/tex/latex/caption/caption.sty
Package: caption 2019/09/01 v3.3d Customizing captions (AR)

(/usr/share/texmf-dist/tex/latex/caption/caption3.sty
Package: caption3 2019/09/01 v1.8d caption3 kernel (AR)
Package caption3 Info: TeX engine: e-TeX on input line 64.
\captionmargin=\dimen117
\captionmargin@=\dimen118
\captionwidth=\dimen119
\caption@tempdima=\dimen120
\caption@indent=\dimen121
\caption@parindent=\dimen122
\caption@hangindent=\dimen123
)
\c@caption@flags=\count104
\c@ContinuedFloat=\count105
)
\c@subfigure=\count106
\c@subtable=\count107
)
(/usr/share/texmf-dist/tex/latex/graphics/color.sty
Package: color 2016/07/10 v1.1e Standard LaTeX Color (DPC)

(/usr/share/texmf-dist/tex/latex/graphics-cfg/color.cfg
File: color.cfg 2016/01/02 v1.6 sample color configuration
)
Package color Info: Driver file: pdftex.def on input line 147.

(/usr/share/texmf-dist/tex/latex/graphics-def/pdftex.def
File: pdftex.def 2018/01/08 v1.0l Graphics/color driver for pdftex
))
(/usr/share/texmf-dist/tex/latex/float/float.sty
Package: float 2001/11/08 v1.3d Float enhancements (AL)
\c@float@type=\count108
\float@exts=\toks17
\float@box=\box53
\@float@everytoks=\toks18
\@floatcapt=\box54
)
(/usr/share/texmf-dist/tex/latex/psfrag/psfrag.sty
Package: psfrag 1998/04/11 v3.04 PSfrag (MCG)
\pfg@pcount=\count109
\pfg@scount=\count110
\pfg@temp=\write3
)
(/usr/share/texmf-dist/tex/latex/amsmath/amsmath.sty
Package: amsmath 2019/04/01 v2.17c AMS math features
\@mathmargin=\skip52

For additional information on amsmath, use the `?' option.
(/usr/share/texmf-dist/tex/latex/amsmath/amstext.sty
Package: amstext 2000/06/29 v2.01 AMS text

(/usr/share/texmf-dist/tex/latex/amsmath/amsgen.sty
File: amsgen.sty 1999/11/30 v2.0 generic functions
\@emptytoks=\toks19
\ex@=\dimen124
))
(/usr/share/texmf-dist/tex/latex/amsmath/amsbsy.sty
Package: amsbsy 1999/11/29 v1.2d Bold Symbols
\pmbraise@=\dimen125
)
(/usr/share/texmf-dist/tex/latex/amsmath/amsopn.sty
Package: amsopn 2016/03/08 v2.02 operator names
)
\inf@bad=\count111
LaTeX Info: Redefining \frac on input line 227.
\uproot@=\count112
\leftroot@=\count113
LaTeX Info: Redefining \overline on input line 389.
\classnum@=\count114
\DOTSCASE@=\count115
LaTeX Info: Redefining \ldots on input line 486.
LaTeX Info: Redefining \dots on input line 489.
LaTeX Info: Redefining \cdots on input line 610.
\Mathstrutbox@=\box55
\strutbox@=\box56
\big@size=\dimen126
LaTeX Font Info:    Redeclaring font encoding OML on input line 733.
LaTeX Font Info:    Redeclaring font encoding OMS on input line 734.
\macc@depth=\count116
\c@MaxMatrixCols=\count117
\dotsspace@=\muskip10
\c@parentequation=\count118
\dspbrk@lvl=\count119
\tag@help=\toks20
\row@=\count120
\column@=\count121
\maxfields@=\count122
\andhelp@=\toks21
\eqnshift@=\dimen127
\alignsep@=\dimen128
\tagshift@=\dimen129
\tagwidth@=\dimen130
\totwidth@=\dimen131
\lineht@=\dimen132
\@envbody=\toks22
\multlinegap=\skip53
\multlinetaggap=\skip54
\mathdisplay@stack=\toks23
LaTeX Info: Redefining \[ on input line 2855.
LaTeX Info: Redefining \] on input line 2856.
)
(/usr/share/texmf-dist/tex/latex/amsfonts/amsfonts.sty
Package: amsfonts 2013/01/14 v3.01 Basic AMSFonts support
\symAMSa=\mathgroup4
\symAMSb=\mathgroup5
LaTeX Font Info:    Redeclaring math symbol \hbar on input line 98.
LaTeX Font Info:    Overwriting math alphabet `\mathfrak' in version `bold'
(Font)                  U/euf/m/n --> U/euf/b/n on input line 106.
)
(/usr/share/texmf-dist/tex/latex/amsfonts/amssymb.sty
Package: amssymb 2013/01/14 v3.01 AMS font symbols
)
(/usr/share/texmf-dist/tex/latex/jknapltx/mathrsfs.sty
Package: mathrsfs 1996/01/01 Math RSFS package v1.0 (jk)
\symrsfs=\mathgroup6
)
(/usr/share/texmf-dist/tex/latex/tools/bm.sty
Package: bm 2019/07/24 v1.2d Bold Symbol Support (DPC/FMi)
\symboldoperators=\mathgroup7
\symboldletters=\mathgroup8
\symboldsymbols=\mathgroup9
LaTeX Font Info:    Redeclaring math alphabet \mathbf on input line 141.
LaTeX Info: Redefining \bm on input line 209.
)
(/usr/share/texmf-dist/tex/latex/acronym/acronym.sty
Package: acronym 2015/03/21 v1.41 Support for acronyms (Tobias Oetiker)

(/usr/share/texmf-dist/tex/latex/bigfoot/suffix.sty
Package: suffix 2006/07/15 1.5a Variant command support
)
(/usr/share/texmf-dist/tex/generic/xstring/xstring.sty
(/usr/share/texmf-dist/tex/generic/xstring/xstring.tex
\integerpart=\count123
\decimalpart=\count124
)
Package: xstring 2019/02/06 v1.83 String manipulations (CT)
)
\AC@clearlist=\toks24
)
(/usr/share/texmf-dist/tex/latex/geometry/geometry.sty
Package: geometry 2018/04/16 v5.8 Page Geometry

(/usr/share/texmf-dist/tex/generic/oberdiek/ifpdf.sty
Package: ifpdf 2018/09/07 v3.3 Provides the ifpdf switch
)
(/usr/share/texmf-dist/tex/generic/oberdiek/ifvtex.sty
Package: ifvtex 2016/05/16 v1.6 Detect VTeX and its facilities (HO)
Package ifvtex Info: VTeX not detected.
)
(/usr/share/texmf-dist/tex/generic/ifxetex/ifxetex.sty
Package: ifxetex 2010/09/12 v0.6 Provides ifxetex conditional
)
\Gm@cnth=\count125
\Gm@cntv=\count126
\c@Gm@tempcnt=\count127
\Gm@bindingoffset=\dimen133
\Gm@wd@mp=\dimen134
\Gm@odd@mp=\dimen135
\Gm@even@mp=\dimen136
\Gm@layoutwidth=\dimen137
\Gm@layoutheight=\dimen138
\Gm@layouthoffset=\dimen139
\Gm@layoutvoffset=\dimen140
\Gm@dimlist=\toks25
)
(/usr/share/texmf-dist/tex/latex/tools/enumerate.sty
Package: enumerate 2015/07/23 v3.00 enumerate extensions (DPC)
\@enLab=\toks26
)
(/usr/share/texmf-dist/tex/latex/url/url.sty
\Urlmuskip=\muskip11
Package: url 2013/09/16  ver 3.4  Verb mode for urls, etc.
)
(/usr/share/texmf-dist/tex/latex/psnfss/pifont.sty
Package: pifont 2005/04/12 PSNFSS-v9.2a Pi font support (SPQR) 
LaTeX Font Info:    Trying to load font information for U+pzd on input line 63.


(/usr/share/texmf-dist/tex/latex/psnfss/upzd.fd
File: upzd.fd 2001/06/04 font definitions for U/pzd.
)
LaTeX Font Info:    Trying to load font information for U+psy on input line 64.


(/usr/share/texmf-dist/tex/latex/psnfss/upsy.fd
File: upsy.fd 2001/06/04 font definitions for U/psy.
))
(/usr/share/texmf-dist/tex/latex/multirow/multirow.sty
Package: multirow 2019/05/31 v2.5 Span multiple rows of a table
\multirow@colwidth=\skip55
\multirow@cntb=\count128
\multirow@dima=\skip56
\bigstrutjot=\dimen141
) (./abntcite.sty
Package: abntcite 2002/11/20
\minimumbiblabelwidth=\skip57
\ABCIauxlen=\skip58
\c@ABCIaux=\count129
\c@ABCImax=\count130

(/usr/share/texmf-dist/tex/latex/relsize/relsize.sty
Package: relsize 2013/03/29 ver 4.1
)
\biblabelsep=\skip59
LaTeX Info: Redefining \cite on input line 429.
\ABCItoken=\toks27
)

LaTeX Warning: Unused global option(s):
    [pagestart=firstchapter,tocpage=plain].

(./dissertacao.aux (./pretextuais/capa.aux) (./pretextuais/folha_de_rosto.aux)
(./pretextuais/ficha_catalografica.aux) (./pretextuais/folha_de_aprovacao.aux)
(./pretextuais/dedicatoria.aux) (./pretextuais/agradecimentos.aux)
(./pretextuais/resumo.aux) (./pretextuais/abstract.aux)
(./pretextuais/acronimos.aux) (./textuais/introducao/introducao.aux)
(./textuais/experimento/experimento.aux) (./textuais/dadosreais/dadosreais.aux)
(./textuais/simulacao/simulacao.aux) (./textuais/resultados/resultados.aux)
(./textuais/conclusao/conclusao.aux) (./postextuais/apendice/Cherenkov.aux)
(./postextuais/apendice/qui-quadrado.aux))
\openout1 = `dissertacao.aux'.

LaTeX Font Info:    Checking defaults for OML/cmm/m/it on input line 94.
LaTeX Font Info:    ... okay on input line 94.
LaTeX Font Info:    Checking defaults for T1/cmr/m/n on input line 94.
LaTeX Font Info:    ... okay on input line 94.
LaTeX Font Info:    Checking defaults for OT1/cmr/m/n on input line 94.
LaTeX Font Info:    ... okay on input line 94.
LaTeX Font Info:    Checking defaults for OMS/cmsy/m/n on input line 94.
LaTeX Font Info:    ... okay on input line 94.
LaTeX Font Info:    Checking defaults for OMX/cmex/m/n on input line 94.
LaTeX Font Info:    ... okay on input line 94.
LaTeX Font Info:    Checking defaults for U/cmr/m/n on input line 94.
LaTeX Font Info:    ... okay on input line 94.
Package caption Info: Begin \AtBeginDocument code.
Package caption Info: float package is loaded.
Package caption Info: End \AtBeginDocument code.

(/usr/share/texmf-dist/tex/context/base/mkii/supp-pdf.mkii
[Loading MPS to PDF converter (version 2006.09.02).]
\scratchcounter=\count131
\scratchdimen=\dimen142
\scratchbox=\box57
\nofMPsegments=\count132
\nofMParguments=\count133
\everyMPshowfont=\toks28
\MPscratchCnt=\count134
\MPscratchDim=\dimen143
\MPnumerator=\count135
\makeMPintoPDFobject=\count136
\everyMPtoPDFconversion=\toks29
) (/usr/share/texmf-dist/tex/latex/oberdiek/epstopdf-base.sty
Package: epstopdf-base 2016/05/15 v2.6 Base part for package epstopdf

(/usr/share/texmf-dist/tex/generic/oberdiek/infwarerr.sty
Package: infwarerr 2016/05/16 v1.4 Providing info/warning/error messages (HO)
)
(/usr/share/texmf-dist/tex/latex/oberdiek/grfext.sty
Package: grfext 2016/05/16 v1.2 Manage graphics extensions (HO)

(/usr/share/texmf-dist/tex/generic/oberdiek/kvdefinekeys.sty
Package: kvdefinekeys 2016/05/16 v1.4 Define keys (HO)

(/usr/share/texmf-dist/tex/generic/oberdiek/ltxcmds.sty
Package: ltxcmds 2016/05/16 v1.23 LaTeX kernel commands for general use (HO)
)))
(/usr/share/texmf-dist/tex/latex/oberdiek/kvoptions.sty
Package: kvoptions 2016/05/16 v3.12 Key value format for package options (HO)

(/usr/share/texmf-dist/tex/generic/oberdiek/kvsetkeys.sty
Package: kvsetkeys 2016/05/16 v1.17 Key value parser (HO)

(/usr/share/texmf-dist/tex/generic/oberdiek/etexcmds.sty
Package: etexcmds 2016/05/16 v1.6 Avoid name clashes with e-TeX commands (HO)

(/usr/share/texmf-dist/tex/generic/oberdiek/ifluatex.sty
Package: ifluatex 2016/05/16 v1.4 Provides the ifluatex switch (HO)
Package ifluatex Info: LuaTeX not detected.
))))
(/usr/share/texmf-dist/tex/generic/oberdiek/pdftexcmds.sty
Package: pdftexcmds 2019/07/25 v0.30 Utility functions of pdfTeX for LuaTeX (HO
)
Package pdftexcmds Info: LuaTeX not detected.
Package pdftexcmds Info: \pdf@primitive is available.
Package pdftexcmds Info: \pdf@ifprimitive is available.
Package pdftexcmds Info: \pdfdraftmode found.
)
Package epstopdf-base Info: Redefining graphics rule for `.eps' on input line 4
38.
Package grfext Info: Graphics extension search list:
(grfext)             [.pdf,.png,.jpg,.mps,.jpeg,.jbig2,.jb2,.PDF,.PNG,.JPG,.JPE
G,.JBIG2,.JB2,.eps]
(grfext)             \AppendGraphicsExtensions on input line 456.

(/usr/share/texmf-dist/tex/latex/latexconfig/epstopdf-sys.cfg
File: epstopdf-sys.cfg 2010/07/13 v1.3 Configuration of (r)epstopdf for TeX Liv
e
))
*geometry* driver: auto-detecting
*geometry* detected driver: pdftex
*geometry* verbose mode - [ preamble ] result:
* driver: pdftex
* paper: a4paper
* layout: <same size as paper>
* layoutoffset:(h,v)=(0.0pt,0.0pt)
* modes: 
* h-part:(L,W,R)=(85.35826pt, 455.24411pt, 56.9055pt)
* v-part:(T,H,B)=(85.35826pt, 702.78308pt, 56.9055pt)
* \paperwidth=597.50787pt
* \paperheight=845.04684pt
* \textwidth=455.24411pt
* \textheight=702.78308pt
* \oddsidemargin=13.08827pt
* \evensidemargin=13.08827pt
* \topmargin=-21.05495pt
* \headheight=12.0pt
* \headsep=22.14322pt
* \topskip=12.0pt
* \footskip=30.0pt
* \marginparwidth=35.0pt
* \marginparsep=10.0pt
* \columnsep=10.0pt
* \skip\footins=10.8pt plus 4.0pt minus 2.0pt
* \hoffset=0.0pt
* \voffset=0.0pt
* \mag=1000
* \@twocolumnfalse
* \@twosidefalse
* \@mparswitchfalse
* \@reversemarginfalse
* (1in=72.27pt=25.4mm, 1cm=28.453pt)

\openout2 = `./pretextuais/capa.aux'.

(./pretextuais/capa.tex

pdfTeX warning: /usr/bin/pdflatex (file ./logos/ufjf_logo.pdf): PDF inclusion: 
found PDF version <1.6>, but at most version <1.5> allowed
<./logos/ufjf_logo.pdf, id=1, 98.87842pt x 71.44191pt>
File: ./logos/ufjf_logo.pdf Graphic file (type pdf)
<use ./logos/ufjf_logo.pdf>
Package pdftex.def Info: ./logos/ufjf_logo.pdf  used on input line 4.
(pdftex.def)             Requested size: 85.35826pt x 61.67429pt.
[1
Non-PDF special ignored!
<special> header=psfrag.pro
Non-PDF special ignored!
<special> papersize=597.50787pt,845.04684pt


{/var/lib/texmf/fonts/map/pdftex/updmap/pdftex.map} <./logos/ufjf_logo.pdf>])
\openout2 = `./pretextuais/folha_de_rosto.aux'.


(./pretextuais/folha_de_rosto.tex
LaTeX Font Info:    Trying to load font information for U+msa on input line 14.


(/usr/share/texmf-dist/tex/latex/amsfonts/umsa.fd
File: umsa.fd 2013/01/14 v3.01 AMS symbols A
)
LaTeX Font Info:    Trying to load font information for U+msb on input line 14.


(/usr/share/texmf-dist/tex/latex/amsfonts/umsb.fd
File: umsb.fd 2013/01/14 v3.01 AMS symbols B
)
LaTeX Font Info:    Trying to load font information for U+rsfs on input line 14
.

(/usr/share/texmf-dist/tex/latex/jknapltx/ursfs.fd
File: ursfs.fd 1998/03/24 rsfs font definition file (jk)
) [2


])
\openout2 = `./pretextuais/ficha_catalografica.aux'.


(./pretextuais/ficha_catalografica.tex
Underfull \hbox (badness 2065) in paragraph at lines 33--33
[] \T1/aer/m/n/12 ES-TUDO E APRI-MO-RA-MENTO DA FER-RA-
 []

[3


])
\openout2 = `./pretextuais/folha_de_aprovacao.aux'.

 (./pretextuais/folha_de_aprovacao.tex
Underfull \hbox (badness 10000) in paragraph at lines 23--24

 []

[4


])
\openout2 = `./pretextuais/dedicatoria.aux'.

 (./pretextuais/dedicatoria.tex [5


])
\openout2 = `./pretextuais/agradecimentos.aux'.

 (./pretextuais/agradecimentos.tex)
[6




]
\openout2 = `./pretextuais/resumo.aux'.

 (./pretextuais/resumo.tex
Underfull \hbox (badness 10000) in paragraph at lines 14--15

 []

[7



])
\openout2 = `./pretextuais/abstract.aux'.

 (./pretextuais/abstract.tex
Underfull \hbox (badness 10000) in paragraph at lines 14--15

 []

[8



]) (./dissertacao.lof)
\tf@lof=\write4
\openout4 = `dissertacao.lof'.

 [9


] (./dissertacao.lot)
\tf@lot=\write5
\openout5 = `dissertacao.lot'.

 [10

]
\openout2 = `./pretextuais/acronimos.aux'.


(./pretextuais/acronimos.tex) [11


] (./dissertacao.toc [12


])
\tf@toc=\write6
\openout6 = `dissertacao.toc'.

 [13]
\openout2 = `./textuais/introducao/introducao.aux'.


(./textuais/introducao/introducao.tex
Cap\'{\i }tulo 1.
Package acronym Info: Label `acro:PMTs' newly defined as it shall be overridden

although it is yet undefined on input line 12.
) [14



]
\openout2 = `./textuais/experimento/experimento.aux'.

 (./textuais/experimento/experimento.tex
Cap\'{\i }tulo 2.
<textuais/experimento/figuras/angra.png, id=61, 710.655pt x 688.974pt>
File: textuais/experimento/figuras/angra.png Graphic file (type png)
<use textuais/experimento/figuras/angra.png>
Package pdftex.def Info: textuais/experimento/figuras/angra.png  used on input 
line 12.
(pdftex.def)             Requested size: 284.52756pt x 275.84753pt.
Package acronym Info: Label `acro:PWR' newly defined as it shall be overridden
although it is yet undefined on input line 19.
[15



 <./textuais/experimento/figuras/angra.png>]
<textuais/experimento/figuras/detector.png, id=65, 1051.67906pt x 1095.3422pt>
File: textuais/experimento/figuras/detector.png Graphic file (type png)
<use textuais/experimento/figuras/detector.png>
Package pdftex.def Info: textuais/experimento/figuras/detector.png  used on inp
ut line 27.
(pdftex.def)             Requested size: 312.9803pt x 325.96445pt.
LaTeX Font Info:    Trying to load font information for T1+aett on input line 3
4.

(/usr/share/texmf-dist/tex/latex/ae/t1aett.fd
File: t1aett.fd 1997/11/16 Font definitions for T1/aett.
) [16 <./textuais/experimento/figuras/detector.png>]
Package acronym Info: Label `acro:NDAQ' newly defined as it shall be overridden

although it is yet undefined on input line 48.
) [17]
\openout2 = `./textuais/dadosreais/dadosreais.aux'.

 (./textuais/dadosreais/dadosreais.tex
Cap\'{\i }tulo 3.

Overfull \hbox (0.1435pt too wide) in paragraph at lines 10--10
[]\T1/aer/bx/sl/12 METODOLOGIA DE ANÁ-LISE DOS DA-DOS DO EX-PE-RI-MENTO 
 []

Package acronym Info: Label `acro:ADC' newly defined as it shall be overridden
although it is yet undefined on input line 12.
Package acronym Info: Label `acro:p.e.' newly defined as it shall be overridden

although it is yet undefined on input line 12.
<textuais/dadosreais/figuras/peakdist_errado.png, id=79, 1445.4pt x 813.2784pt>

File: textuais/dadosreais/figuras/peakdist_errado.png Graphic file (type png)
<use textuais/dadosreais/figuras/peakdist_errado.png>
Package pdftex.def Info: textuais/dadosreais/figuras/peakdist_errado.png  used 
on input line 24.
(pdftex.def)             Requested size: 540.60236pt x 304.17203pt.

Overfull \hbox (31.06883pt too wide) in paragraph at lines 23--25
 []|  [] 
 []

<textuais/dadosreais/figuras/peakdist.png, id=80, 1445.4pt x 813.2784pt>
File: textuais/dadosreais/figuras/peakdist.png Graphic file (type png)
<use textuais/dadosreais/figuras/peakdist.png>
Package pdftex.def Info: textuais/dadosreais/figuras/peakdist.png  used on inpu
t line 31.
(pdftex.def)             Requested size: 540.60236pt x 304.17203pt.

Overfull \hbox (31.06883pt too wide) in paragraph at lines 30--32
 []|  [] 
 []

[18



]) [19 <./textuais/dadosreais/figuras/peakdist_errado.png (PNG copy)> <./textua
is/dadosreais/figuras/peakdist.png (PNG copy)>]
\openout2 = `./textuais/simulacao/simulacao.aux'.


(./textuais/simulacao/simulacao.tex
Cap\'{\i }tulo 4.
<textuais/simulacao/figuras/sim_det.png, id=88, 1019.81pt x 776.9025pt>
File: textuais/simulacao/figuras/sim_det.png Graphic file (type png)
<use textuais/simulacao/figuras/sim_det.png>
Package pdftex.def Info: textuais/simulacao/figuras/sim_det.png  used on input 
line 8.
(pdftex.def)             Requested size: 455.24408pt x 346.81706pt.
) [20



] [21 <./textuais/simulacao/figuras/sim_det.png>]
\openout2 = `./textuais/resultados/resultados.aux'.


(./textuais/resultados/resultados.tex
Cap\'{\i }tulo 5.
) [22



]
\openout2 = `./textuais/conclusao/conclusao.aux'.

 (./textuais/conclusao/conclusao.tex
Cap\'{\i }tulo 6.
) [23



] (./dissertacao.bbl

LaTeX Warning: Empty `thebibliography' environment on input line 8.

) [24


]
\openout2 = `./postextuais/apendice/Cherenkov.aux'.

 (./postextuais/apendice/Cherenkov.tex
Apendice A.

LaTeX Warning: Command \' invalid in math mode on input line 8.

Missing character: There is no í in font cmr8!
<postextuais/apendice/figuras/cherenkov.png, id=104, 1192.455pt x 900.36375pt>
File: postextuais/apendice/figuras/cherenkov.png Graphic file (type png)
<use postextuais/apendice/figuras/cherenkov.png>
Package pdftex.def Info: postextuais/apendice/figuras/cherenkov.png  used on in
put line 21.
(pdftex.def)             Requested size: 170.71652pt x 128.89392pt.
Package acronym Info: Label `acro:SiPMs' newly defined as it shall be overridde
n
although it is yet undefined on input line 26.
) [25


 <./postextuais/apendice/figuras/cherenkov.png>]
\openout2 = `./postextuais/apendice/qui-quadrado.aux'.


(./postextuais/apendice/qui-quadrado.tex
Apendice B.
) [26



]
+-------------------------------------------------------------------+
| Comentario, sugestao ou critica sobre o abnTeX? Entre em contato: |
|                  http://abntex.codigolivre.org.br                 |
+-------------------------------------------------------------------+
(./dissertacao.aux (./pretextuais/capa.aux) (./pretextuais/folha_de_rosto.aux)
(./pretextuais/ficha_catalografica.aux) (./pretextuais/folha_de_aprovacao.aux)
(./pretextuais/dedicatoria.aux) (./pretextuais/agradecimentos.aux)
(./pretextuais/resumo.aux) (./pretextuais/abstract.aux)
(./pretextuais/acronimos.aux) (./textuais/introducao/introducao.aux)
(./textuais/experimento/experimento.aux) (./textuais/dadosreais/dadosreais.aux)
(./textuais/simulacao/simulacao.aux) (./textuais/resultados/resultados.aux)
(./textuais/conclusao/conclusao.aux) (./postextuais/apendice/Cherenkov.aux)
(./postextuais/apendice/qui-quadrado.aux)) ) 
Here is how much of TeX's memory you used:
 7188 strings out of 492167
 104083 string characters out of 6131557
 189650 words of memory out of 5000000
 11189 multiletter control sequences out of 15000+600000
 25673 words of font info for 67 fonts, out of 8000000 for 9000
 1141 hyphenation exceptions out of 8191
 46i,10n,46p,933b,320s stack positions out of 5000i,500n,10000p,200000b,80000s
</usr/share/texmf-dist/fonts/type1/
public/amsfonts/cm/cmbx12.pfb></usr/share/texmf-dist/fonts/type1/public/amsfont
s/cm/cmbxsl10.pfb></usr/share/texmf-dist/fonts/type1/public/amsfonts/cm/cmex10.
pfb></usr/share/texmf-dist/fonts/type1/public/amsfonts/cm/cmmi12.pfb></usr/shar
e/texmf-dist/fonts/type1/public/amsfonts/cm/cmmi8.pfb></usr/share/texmf-dist/fo
nts/type1/public/amsfonts/cm/cmmib10.pfb></usr/share/texmf-dist/fonts/type1/pub
lic/amsfonts/cm/cmr10.pfb></usr/share/texmf-dist/fonts/type1/public/amsfonts/cm
/cmr12.pfb></usr/share/texmf-dist/fonts/type1/public/amsfonts/cm/cmr8.pfb></usr
/share/texmf-dist/fonts/type1/public/amsfonts/cm/cmsy10.pfb></usr/share/texmf-d
ist/fonts/type1/public/amsfonts/cm/cmsy8.pfb></usr/share/texmf-dist/fonts/type1
/public/amsfonts/cm/cmti12.pfb></usr/share/texmf-dist/fonts/type1/public/amsfon
ts/cm/cmtt12.pfb>
Output written on dissertacao.pdf (26 pages, 12716160 bytes).
PDF statistics:
 155 PDF objects out of 1000 (max. 8388607)
 104 compressed objects within 2 object streams
 0 named destinations out of 1000 (max. 500000)
 36 words of extra memory for PDF output out of 10000 (max. 10000000)

